<?xml version="1.0" encoding="UTF-8"?>
<!-- Generated by org.testng.reporters.JUnitReportReporter -->
<testsuite hostname="LAPTOP-TI0RNES2" failures="0" tests="4" name="chromeoptions_programs.RemoveTheChromeBeingControlled" time="25.221" errors="0" timestamp="2023-01-02T14:35:35 IST" skipped="0">
  <testcase classname="chromeoptions_programs.RemoveTheChromeBeingControlled" name="removeTheChromeBeingControlledUsingArray" time="6.866"/>
  <system-out/>
  <testcase classname="chromeoptions_programs.RemoveTheChromeBeingControlled" name="removeTheChromeBeingControlledUsingCollectionSingletonList" time="5.928"/>
  <system-out/>
  <testcase classname="chromeoptions_programs.RemoveTheChromeBeingControlled" name="removeTheChromeBeingControlledUsingCollection" time="6.595"/>
  <system-out/>
  <testcase classname="chromeoptions_programs.RemoveTheChromeBeingControlled" name="removeTheChromeBeingControlledUsingStringArray" time="5.832"/>
  <system-out/>
</testsuite> <!-- chromeoptions_programs.RemoveTheChromeBeingControlled -->
